______________________
INFO 23.07.06 10:02:24 
KeyboardInterrupt: Script interrupted by user
______________________
INFO 23.07.06 11:30:01 
KeyboardInterrupt: Script interrupted by user
______________________
INFO 23.07.06 11:31:23 
KeyboardInterrupt: Script interrupted by user
______________________
INFO 23.07.06 11:50:27 
KeyboardInterrupt: Script interrupted by user
______________________
INFO 23.07.06 11:52:09 
KeyboardInterrupt: Script interrupted by user
______________________
INFO 23.07.06 11:57:21 
KeyboardInterrupt: Script interrupted by user
______________________
ERROR 23.07.06 12:00:10 
PostgreSQL database error: syntax error at or near "{"
LINE 4:         WHERE FerryLine_ID = {ferryLine_ID}
                                     ^

______________________
ERROR 23.07.06 12:02:31 
An unexpected error occurred: can only concatenate str (not "float") to str
Traceback (most recent call last):
  File "/Workshop/challenge_4/Prototyping/main_test.py", line 247, in <module>
    main()
  File "/Workshop/challenge_4/Prototyping/main_test.py", line 211, in main
    mqtt_publish_left_minutes()
  File "/Workshop/challenge_4/Prototyping/main_test.py", line 182, in mqtt_publish_left_minutes
    publish_message(mqtt_next_ferry+"/Landungsbrücken","Landungsbrücken:"+get_minutes(6,1))
TypeError: can only concatenate str (not "float") to str
______________________
ERROR 23.07.06 12:04:15 
An unexpected error occurred: can only concatenate str (not "float") to str
Traceback (most recent call last):
  File "/Workshop/challenge_4/Prototyping/main_test.py", line 247, in <module>
    main()
  File "/Workshop/challenge_4/Prototyping/main_test.py", line 211, in main
    mqtt_publish_left_minutes()
  File "/Workshop/challenge_4/Prototyping/main_test.py", line 182, in mqtt_publish_left_minutes
    publish_message(mqtt_next_ferry+"/Landungsbrücken","Landungsbrücken:"+get_minutes(6,1))
TypeError: can only concatenate str (not "float") to str
______________________
ERROR 23.07.06 12:07:13 
An unexpected error occurred: can only concatenate str (not "float") to str
Traceback (most recent call last):
  File "/Workshop/challenge_4/Prototyping/main_test.py", line 247, in <module>
    main()
  File "/Workshop/challenge_4/Prototyping/main_test.py", line 211, in main
    mqtt_publish_left_minutes()
  File "/Workshop/challenge_4/Prototyping/main_test.py", line 182, in mqtt_publish_left_minutes
    publish_message(mqtt_next_ferry+"/Landungsbrücken","Landungsbrücken:"+get_minutes(6,1))
TypeError: can only concatenate str (not "float") to str
______________________
ERROR 23.07.06 12:09:21 
An unexpected error occurred: can only concatenate str (not "float") to str
Traceback (most recent call last):
  File "/Workshop/challenge_4/Prototyping/main_test.py", line 248, in <module>
    main()
  File "/Workshop/challenge_4/Prototyping/main_test.py", line 212, in main
    mqtt_publish_left_minutes()
  File "/Workshop/challenge_4/Prototyping/main_test.py", line 182, in mqtt_publish_left_minutes
    publish_message(mqtt_next_ferry+"/Landungsbrücken","Landungsbrücken:"+get_minutes(6,1))
TypeError: can only concatenate str (not "float") to str
